2013-10-31 11:29:33:1959 [4] Debug Bee.Data.DbSession.ADoPtu962MDlMh)13dRg() 
DefaultDriver:AuthUser 

2013-10-31 11:29:33:7020 [4] Debug Bee.Web.MvcDispatcher.ProcessRequest(HttpContext context) 

       Key------->Value
Bee_ControllerName------->AuthMain
Bee_ActionName------->index
 

2013-10-31 11:29:34:0090 [9] Debug Bee.Web.MvcDispatcher.ProcessRequest(HttpContext context) 

       Key------->Value
Bee_ControllerName------->authmain
Bee_ActionName------->Login
 

2013-10-31 11:29:51:7110 [11] Debug Bee.Web.MvcDispatcher.ProcessRequest(HttpContext context) 

       Key------->Value
Bee_ControllerName------->AuthMain
Bee_ActionName------->Login
  username------->admin
  password------->s12
 

2013-10-31 11:29:54:7772 [9] Debug Bee.Web.MvcDispatcher.ProcessRequest(HttpContext context) 

       Key------->Value
Bee_ControllerName------->AuthMain
Bee_ActionName------->Login
  username------->admin
  password------->admin
 

2013-10-31 11:29:54:8952 [9] Debug Bee.Web.MvcDispatcher.ProcessRequest(HttpContext context) 

       Key------->Value
Bee_ControllerName------->authmain
Bee_ActionName------->Index
 

2013-10-31 11:33:37:2239 [9] Debug Bee.Web.MvcDispatcher.ProcessRequest(HttpContext context) 

       Key------->Value
Bee_ControllerName------->InvokeTree
Bee_ActionName------->Index
         _------->1383190417199
 

2013-10-31 11:33:50:7557 [10] Debug Bee.Web.MvcDispatcher.ProcessRequest(HttpContext context) 

       Key------->Value
Bee_ControllerName------->WeiXinUser
Bee_ActionName------->Index
         _------->1383190430725
 

2013-10-31 11:34:56:2504 [10] Debug Bee.Web.MvcDispatcher.ProcessRequest(HttpContext context) 

       Key------->Value
Bee_ControllerName------->BeeMessage
Bee_ActionName------->UnreadCount
 

2013-10-31 11:36:51:2130 [10] Debug Bee.Data.DbSession.ADoPtu962MDlMh)13dRg() 
DefaultDriver:AuthUser 

2013-10-31 11:36:51:3620 [10] Debug Bee.Web.MvcDispatcher.ProcessRequest(HttpContext context) 

       Key------->Value
Bee_ControllerName------->authmain
Bee_ActionName------->Index
 

2013-10-31 11:36:51:3900 [11] Debug Bee.Web.MvcDispatcher.ProcessRequest(HttpContext context) 

       Key------->Value
Bee_ControllerName------->authmain
Bee_ActionName------->Login
 

2013-10-31 11:36:58:9724 [12] Debug Bee.Web.MvcDispatcher.ProcessRequest(HttpContext context) 

       Key------->Value
Bee_ControllerName------->AuthMain
Bee_ActionName------->Login
  username------->admin
  password------->s12
 

2013-10-31 11:37:00:9315 [11] Debug Bee.Web.MvcDispatcher.ProcessRequest(HttpContext context) 

       Key------->Value
Bee_ControllerName------->AuthMain
Bee_ActionName------->Login
  username------->admin
  password------->admin
 

2013-10-31 11:37:01:0235 [11] Debug Bee.Web.MvcDispatcher.ProcessRequest(HttpContext context) 

       Key------->Value
Bee_ControllerName------->authmain
Bee_ActionName------->Index
 

2013-10-31 11:37:03:2817 [11] Debug Bee.Web.MvcDispatcher.ProcessRequest(HttpContext context) 

       Key------->Value
Bee_ControllerName------->WeiXinUser
Bee_ActionName------->Index
         _------->1383190623255
 

2013-10-31 11:37:17:9075 [10] Debug Bee.Web.MvcDispatcher.ProcessRequest(HttpContext context) 

       Key------->Value
Bee_ControllerName------->WeiXinUser
Bee_ActionName------->SynchronizeAll
 

2013-10-31 11:37:20:0766 [10] Error Bee.Web.MvcDispatcher.ACZB06kyVjIla1(HttpContext , String , String , BeeDataAdapter ) 
Invoke WeiXinUser.SynchronizeAll error.

       Key------->Value
Bee_ControllerName------->WeiXinUser
Bee_ActionName------->SynchronizeAll
 
System.Collections.Generic.KeyNotFoundException: 给定关键字不在字典中。
   在 System.ThrowHelper.ThrowKeyNotFoundException()
   在 System.Collections.Generic.Dictionary`2.get_Item(TKey key)
   在 Bee.WeiXin.WeiXinManager.RefreshUserContactInfo(String openId) 位置 D:\SVNWork\Bee.WeiXin\Bee.WeiXin\WeiXinManager.cs:行号 204
   在 Bee.WeiXin.WeiXinManager.RefreshUserList(Int32 pageIndex, Int32 pageSize, String groupId) 位置 D:\SVNWork\Bee.WeiXin\Bee.WeiXin\WeiXinManager.cs:行号 161
   在 Bee.WeiXin.WeiXinManager.RefreshAll() 位置 D:\SVNWork\Bee.WeiXin\Bee.WeiXin\WeiXinManager.cs:行号 109
   在 Bee.Controllers.WeiXinUserController.SynchronizeAll() 位置 D:\SVNWork\Bee.WeiXin\Bee.WeiXin\Controllers\WeiXinUserController.cs:行号 79
   在 BeeCoreEntityProxy.WeiXinUserControllerProxy.Invoke(Object , String , BeeDataAdapter )
   在 AAb4nWaN.Ac7VIVfkidpyBykNdLrj9f))NNDW.ABFaucAYkdhkE)Pm50u5UZa(BeeControllerBase , String , BeeDataAdapter )
   在 Bee.Web.MvcDispatcher.ACZB06kyVjIla1(HttpContext , String , String , BeeDataAdapter )
2013-10-31 11:37:52:6585 [10] Debug Bee.Web.MvcDispatcher.ProcessRequest(HttpContext context) 

       Key------->Value
Bee_ControllerName------->WeiXinUser
Bee_ActionName------->SynchronizeAll
 

2013-10-31 11:40:48:7466 [10] Error Bee.Web.MvcDispatcher.ACZB06kyVjIla1(HttpContext , String , String , BeeDataAdapter ) 
Invoke WeiXinUser.SynchronizeAll error.

       Key------->Value
Bee_ControllerName------->WeiXinUser
Bee_ActionName------->SynchronizeAll
 
System.Collections.Generic.KeyNotFoundException: 给定关键字不在字典中。
   在 System.ThrowHelper.ThrowKeyNotFoundException()
   在 System.Collections.Generic.Dictionary`2.get_Item(TKey key)
   在 Bee.WeiXin.WeiXinManager.RefreshUserContactInfo(String openId) 位置 D:\SVNWork\Bee.WeiXin\Bee.WeiXin\WeiXinManager.cs:行号 204
   在 Bee.WeiXin.WeiXinManager.RefreshUserList(Int32 pageIndex, Int32 pageSize, String groupId) 位置 D:\SVNWork\Bee.WeiXin\Bee.WeiXin\WeiXinManager.cs:行号 161
   在 Bee.WeiXin.WeiXinManager.RefreshAll() 位置 D:\SVNWork\Bee.WeiXin\Bee.WeiXin\WeiXinManager.cs:行号 109
   在 Bee.Controllers.WeiXinUserController.SynchronizeAll() 位置 D:\SVNWork\Bee.WeiXin\Bee.WeiXin\Controllers\WeiXinUserController.cs:行号 79
   在 BeeCoreEntityProxy.WeiXinUserControllerProxy.Invoke(Object , String , BeeDataAdapter )
   在 AAb4nWaN.Ac7VIVfkidpyBykNdLrj9f))NNDW.ABFaucAYkdhkE)Pm50u5UZa(BeeControllerBase , String , BeeDataAdapter )
   在 Bee.Web.MvcDispatcher.ACZB06kyVjIla1(HttpContext , String , String , BeeDataAdapter )
2013-10-31 11:40:48:7546 [10] Debug Bee.Web.MvcDispatcher.ProcessRequest(HttpContext context) 
http://localhost:58489/WeiXinUser/SynchronizeAll.bee耗时较长， 耗时：176094ms 

2013-10-31 11:40:55:8380 [10] Debug Bee.Web.MvcDispatcher.ProcessRequest(HttpContext context) 

       Key------->Value
Bee_ControllerName------->WeiXinUser
Bee_ActionName------->SynchronizeAll
 

2013-10-31 11:42:04:0359 [10] Error Bee.Web.MvcDispatcher.ACZB06kyVjIla1(HttpContext , String , String , BeeDataAdapter ) 
Invoke WeiXinUser.SynchronizeAll error.

       Key------->Value
Bee_ControllerName------->WeiXinUser
Bee_ActionName------->SynchronizeAll
 
System.Collections.Generic.KeyNotFoundException: 给定关键字不在字典中。
   在 System.ThrowHelper.ThrowKeyNotFoundException()
   在 System.Collections.Generic.Dictionary`2.get_Item(TKey key)
   在 Bee.WeiXin.WeiXinManager.RefreshUserContactInfo(String openId) 位置 D:\SVNWork\Bee.WeiXin\Bee.WeiXin\WeiXinManager.cs:行号 204
   在 Bee.WeiXin.WeiXinManager.RefreshUserList(Int32 pageIndex, Int32 pageSize, String groupId) 位置 D:\SVNWork\Bee.WeiXin\Bee.WeiXin\WeiXinManager.cs:行号 161
   在 Bee.WeiXin.WeiXinManager.RefreshAll() 位置 D:\SVNWork\Bee.WeiXin\Bee.WeiXin\WeiXinManager.cs:行号 109
   在 Bee.Controllers.WeiXinUserController.SynchronizeAll() 位置 D:\SVNWork\Bee.WeiXin\Bee.WeiXin\Controllers\WeiXinUserController.cs:行号 79
   在 BeeCoreEntityProxy.WeiXinUserControllerProxy.Invoke(Object , String , BeeDataAdapter )
   在 AAb4nWaN.Ac7VIVfkidpyBykNdLrj9f))NNDW.ABFaucAYkdhkE)Pm50u5UZa(BeeControllerBase , String , BeeDataAdapter )
   在 Bee.Web.MvcDispatcher.ACZB06kyVjIla1(HttpContext , String , String , BeeDataAdapter )
2013-10-31 11:42:04:0379 [10] Debug Bee.Web.MvcDispatcher.ProcessRequest(HttpContext context) 
http://localhost:58489/WeiXinUser/SynchronizeAll.bee耗时较长， 耗时：68199ms 

2013-10-31 11:42:04:0459 [4] Debug Bee.Web.MvcDispatcher.ProcessRequest(HttpContext context) 

       Key------->Value
Bee_ControllerName------->BeeMessage
Bee_ActionName------->UnreadCount
 

2013-10-31 11:44:03:2047 [10] Debug Bee.Data.DbSession.ADoPtu962MDlMh)13dRg() 
DefaultDriver:AuthUser 

2013-10-31 11:44:03:3407 [10] Debug Bee.Web.MvcDispatcher.ProcessRequest(HttpContext context) 

       Key------->Value
Bee_ControllerName------->authmain
Bee_ActionName------->Index
 

2013-10-31 11:44:03:3677 [10] Debug Bee.Web.MvcDispatcher.ProcessRequest(HttpContext context) 

       Key------->Value
Bee_ControllerName------->authmain
Bee_ActionName------->Login
 

2013-10-31 11:44:06:4109 [14] Debug Bee.Web.MvcDispatcher.ProcessRequest(HttpContext context) 

       Key------->Value
Bee_ControllerName------->AuthMain
Bee_ActionName------->Login
  username------->admin
  password------->s12
 

2013-10-31 11:44:07:3049 [14] Debug Bee.Web.MvcDispatcher.ProcessRequest(HttpContext context) 

       Key------->Value
Bee_ControllerName------->AuthMain
Bee_ActionName------->Login
  username------->admin
  password------->admin
 

2013-10-31 11:44:07:3629 [15] Debug Bee.Web.MvcDispatcher.ProcessRequest(HttpContext context) 

       Key------->Value
Bee_ControllerName------->authmain
Bee_ActionName------->Index
 

2013-10-31 11:44:09:4480 [10] Debug Bee.Web.MvcDispatcher.ProcessRequest(HttpContext context) 

       Key------->Value
Bee_ControllerName------->WeiXinUser
Bee_ActionName------->Index
         _------->1383191049438
 

2013-10-31 11:44:11:2211 [10] Debug Bee.Web.MvcDispatcher.ProcessRequest(HttpContext context) 

       Key------->Value
Bee_ControllerName------->WeiXinUser
Bee_ActionName------->SynchronizeAll
 

2013-10-31 11:44:13:1753 [10] Debug Bee.Web.MvcDispatcher.ProcessRequest(HttpContext context) 

       Key------->Value
Bee_ControllerName------->WeiXinUser
Bee_ActionName------->Index
   pagenum------->1
  pagesize------->20
orderfield------->Id
orderdirection------->desc
recordcount------->0
  nickname------->
remarkname------->
   groupid------->
  linkflag------->
 validflag------->
createtimebegin------->
createtimeend------->
         _------->1383191053138
 

2013-10-31 11:44:18:9196 [14] Debug Bee.Web.MvcDispatcher.ProcessRequest(HttpContext context) 

       Key------->Value
Bee_ControllerName------->WeiXinUser
Bee_ActionName------->SendMessage
    openid------->75737880
         _------->1383191058835
 

2013-10-31 11:44:21:8508 [13] Debug Bee.Web.MvcDispatcher.ProcessRequest(HttpContext context) 

       Key------->Value
Bee_ControllerName------->WeiXinUser
Bee_ActionName------->SendMessage
    openid------->75737880
   content------->test
 

2013-10-31 11:44:22:7608 [13] Error Bee.Web.MvcDispatcher.ACZB06kyVjIla1(HttpContext , String , String , BeeDataAdapter ) 
Invoke WeiXinUser.SendMessage error.

       Key------->Value
Bee_ControllerName------->WeiXinUser
Bee_ActionName------->SendMessage
    openid------->75737880
   content------->test
 
System.ArgumentException: 发送失败!
   在 Bee.Util.ThrowExceptionUtil.ArgumentConditionTrue(Boolean condition, String parameterName, String message)
   在 Bee.WeiXin.WeiXinManager.SendMessage(String openId, String content) 位置 D:\SVNWork\Bee.WeiXin\Bee.WeiXin\WeiXinManager.cs:行号 301
   在 Bee.Controllers.WeiXinUserController.SendMessage(String openId, String content) 位置 D:\SVNWork\Bee.WeiXin\Bee.WeiXin\Controllers\WeiXinUserController.cs:行号 90
   在 BeeCoreEntityProxy.WeiXinUserControllerProxy.Invoke(Object , String , BeeDataAdapter )
   在 AAb4nWaN.Ac7VIVfkidpyBykNdLrj9f))NNDW.ABFaucAYkdhkE)Pm50u5UZa(BeeControllerBase , String , BeeDataAdapter )
   在 Bee.Web.MvcDispatcher.ACZB06kyVjIla1(HttpContext , String , String , BeeDataAdapter )
2013-10-31 11:44:48:5653 [13] Debug Bee.Web.MvcDispatcher.ProcessRequest(HttpContext context) 

       Key------->Value
Bee_ControllerName------->WeiXinUser
Bee_ActionName------->SendMessage
    openid------->75737880
   content------->test
 

2013-10-31 11:45:22:9633 [13] Error Bee.Web.MvcDispatcher.ACZB06kyVjIla1(HttpContext , String , String , BeeDataAdapter ) 
Invoke WeiXinUser.SendMessage error.

       Key------->Value
Bee_ControllerName------->WeiXinUser
Bee_ActionName------->SendMessage
    openid------->75737880
   content------->test
 
System.ArgumentException: 发送失败!
   在 Bee.Util.ThrowExceptionUtil.ArgumentConditionTrue(Boolean condition, String parameterName, String message)
   在 Bee.WeiXin.WeiXinManager.SendMessage(String openId, String content) 位置 D:\SVNWork\Bee.WeiXin\Bee.WeiXin\WeiXinManager.cs:行号 301
   在 Bee.Controllers.WeiXinUserController.SendMessage(String openId, String content) 位置 D:\SVNWork\Bee.WeiXin\Bee.WeiXin\Controllers\WeiXinUserController.cs:行号 90
   在 BeeCoreEntityProxy.WeiXinUserControllerProxy.Invoke(Object , String , BeeDataAdapter )
   在 AAb4nWaN.Ac7VIVfkidpyBykNdLrj9f))NNDW.ABFaucAYkdhkE)Pm50u5UZa(BeeControllerBase , String , BeeDataAdapter )
   在 Bee.Web.MvcDispatcher.ACZB06kyVjIla1(HttpContext , String , String , BeeDataAdapter )
2013-10-31 11:45:22:9643 [13] Debug Bee.Web.MvcDispatcher.ProcessRequest(HttpContext context) 
http://localhost:58489/WeiXinUser/SendMessage.bee耗时较长， 耗时：34398ms 

2013-10-31 11:46:55:3995 [15] Debug Bee.Web.MvcDispatcher.ProcessRequest(HttpContext context) 

       Key------->Value
Bee_ControllerName------->WeiXinUser
Bee_ActionName------->SendMessage
    openid------->75737880
   content------->test
 

2013-10-31 11:47:18:7549 [15] Error Bee.Web.MvcDispatcher.ACZB06kyVjIla1(HttpContext , String , String , BeeDataAdapter ) 
Invoke WeiXinUser.SendMessage error.

       Key------->Value
Bee_ControllerName------->WeiXinUser
Bee_ActionName------->SendMessage
    openid------->75737880
   content------->test
 
System.ArgumentException: 发送失败!
   在 Bee.Util.ThrowExceptionUtil.ArgumentConditionTrue(Boolean condition, String parameterName, String message)
   在 Bee.WeiXin.WeiXinManager.SendMessage(String openId, String content) 位置 D:\SVNWork\Bee.WeiXin\Bee.WeiXin\WeiXinManager.cs:行号 301
   在 Bee.Controllers.WeiXinUserController.SendMessage(String openId, String content) 位置 D:\SVNWork\Bee.WeiXin\Bee.WeiXin\Controllers\WeiXinUserController.cs:行号 90
   在 BeeCoreEntityProxy.WeiXinUserControllerProxy.Invoke(Object , String , BeeDataAdapter )
   在 AAb4nWaN.Ac7VIVfkidpyBykNdLrj9f))NNDW.ABFaucAYkdhkE)Pm50u5UZa(BeeControllerBase , String , BeeDataAdapter )
   在 Bee.Web.MvcDispatcher.ACZB06kyVjIla1(HttpContext , String , String , BeeDataAdapter )
2013-10-31 11:47:18:7559 [15] Debug Bee.Web.MvcDispatcher.ProcessRequest(HttpContext context) 
http://localhost:58489/WeiXinUser/SendMessage.bee耗时较长， 耗时：23356ms 

2013-10-31 11:47:52:1408 [15] Debug Bee.Data.DbSession.ADoPtu962MDlMh)13dRg() 
DefaultDriver:AuthUser 

2013-10-31 11:47:52:2918 [15] Debug Bee.Web.MvcDispatcher.ProcessRequest(HttpContext context) 

       Key------->Value
Bee_ControllerName------->authmain
Bee_ActionName------->Index
 

2013-10-31 11:47:52:3188 [9] Debug Bee.Web.MvcDispatcher.ProcessRequest(HttpContext context) 

       Key------->Value
Bee_ControllerName------->authmain
Bee_ActionName------->Login
 

2013-10-31 11:47:56:3180 [15] Debug Bee.Web.MvcDispatcher.ProcessRequest(HttpContext context) 

       Key------->Value
Bee_ControllerName------->AuthMain
Bee_ActionName------->Login
  username------->admin
  password------->s12
 

2013-10-31 11:47:57:3601 [7] Debug Bee.Web.MvcDispatcher.ProcessRequest(HttpContext context) 

       Key------->Value
Bee_ControllerName------->AuthMain
Bee_ActionName------->Login
  username------->admin
  password------->admin
 

2013-10-31 11:47:57:4191 [15] Debug Bee.Web.MvcDispatcher.ProcessRequest(HttpContext context) 

       Key------->Value
Bee_ControllerName------->authmain
Bee_ActionName------->Index
 

2013-10-31 11:47:59:3002 [15] Debug Bee.Web.MvcDispatcher.ProcessRequest(HttpContext context) 

       Key------->Value
Bee_ControllerName------->WeiXinUser
Bee_ActionName------->Index
         _------->1383191279271
 

2013-10-31 11:48:01:5543 [7] Debug Bee.Web.MvcDispatcher.ProcessRequest(HttpContext context) 

       Key------->Value
Bee_ControllerName------->WeiXinUser
Bee_ActionName------->SendMessage
    openid------->75737880
         _------->1383191281471
 

2013-10-31 11:48:03:9495 [7] Debug Bee.Web.MvcDispatcher.ProcessRequest(HttpContext context) 

       Key------->Value
Bee_ControllerName------->WeiXinUser
Bee_ActionName------->SendMessage
    openid------->75737880
   content------->test
 

2013-10-31 11:48:05:4275 [7] Error Bee.Web.MvcDispatcher.ACZB06kyVjIla1(HttpContext , String , String , BeeDataAdapter ) 
Invoke WeiXinUser.SendMessage error.

       Key------->Value
Bee_ControllerName------->WeiXinUser
Bee_ActionName------->SendMessage
    openid------->75737880
   content------->test
 
System.ArgumentException: 发送失败!
   在 Bee.Util.ThrowExceptionUtil.ArgumentConditionTrue(Boolean condition, String parameterName, String message)
   在 Bee.WeiXin.WeiXinManager.SendMessage(String openId, String content) 位置 D:\SVNWork\Bee.WeiXin\Bee.WeiXin\WeiXinManager.cs:行号 301
   在 Bee.Controllers.WeiXinUserController.SendMessage(String openId, String content) 位置 D:\SVNWork\Bee.WeiXin\Bee.WeiXin\Controllers\WeiXinUserController.cs:行号 90
   在 BeeCoreEntityProxy.WeiXinUserControllerProxy.Invoke(Object , String , BeeDataAdapter )
   在 AAb4nWaN.Ac7VIVfkidpyBykNdLrj9f))NNDW.ABFaucAYkdhkE)Pm50u5UZa(BeeControllerBase , String , BeeDataAdapter )
   在 Bee.Web.MvcDispatcher.ACZB06kyVjIla1(HttpContext , String , String , BeeDataAdapter )
2013-10-31 11:48:19:7234 [7] Debug Bee.Web.MvcDispatcher.ProcessRequest(HttpContext context) 

       Key------->Value
Bee_ControllerName------->WeiXinUser
Bee_ActionName------->SendMessage
    openid------->75737880
   content------->test
 

2013-10-31 12:06:49:9029 [15] Debug Bee.Web.MvcDispatcher.ProcessRequest(HttpContext context) 

       Key------->Value
Bee_ControllerName------->BeeMessage
Bee_ActionName------->UnreadCount
 

2013-10-31 12:07:21:8527 [7] Error Bee.Web.MvcDispatcher.ACZB06kyVjIla1(HttpContext , String , String , BeeDataAdapter ) 
Invoke WeiXinUser.SendMessage error.

       Key------->Value
Bee_ControllerName------->WeiXinUser
Bee_ActionName------->SendMessage
    openid------->75737880
   content------->test
 
System.ArgumentException: 发送失败!
   在 Bee.Util.ThrowExceptionUtil.ArgumentConditionTrue(Boolean condition, String parameterName, String message)
   在 Bee.WeiXin.WeiXinManager.SendMessage(String openId, String content) 位置 D:\SVNWork\Bee.WeiXin\Bee.WeiXin\WeiXinManager.cs:行号 301
   在 Bee.Controllers.WeiXinUserController.SendMessage(String openId, String content) 位置 D:\SVNWork\Bee.WeiXin\Bee.WeiXin\Controllers\WeiXinUserController.cs:行号 90
   在 BeeCoreEntityProxy.WeiXinUserControllerProxy.Invoke(Object , String , BeeDataAdapter )
   在 AAb4nWaN.Ac7VIVfkidpyBykNdLrj9f))NNDW.ABFaucAYkdhkE)Pm50u5UZa(BeeControllerBase , String , BeeDataAdapter )
   在 Bee.Web.MvcDispatcher.ACZB06kyVjIla1(HttpContext , String , String , BeeDataAdapter )
2013-10-31 12:07:21:8547 [7] Debug Bee.Web.MvcDispatcher.ProcessRequest(HttpContext context) 
http://localhost:58489/WeiXinUser/SendMessage.bee耗时较长， 耗时：1142131ms 

2013-10-31 12:07:45:5270 [15] Debug Bee.Data.DbSession.ADoPtu962MDlMh)13dRg() 
DefaultDriver:AuthUser 

2013-10-31 12:07:45:7291 [15] Debug Bee.Web.MvcDispatcher.ProcessRequest(HttpContext context) 

       Key------->Value
Bee_ControllerName------->authmain
Bee_ActionName------->Index
 

2013-10-31 12:07:45:7561 [17] Debug Bee.Web.MvcDispatcher.ProcessRequest(HttpContext context) 

       Key------->Value
Bee_ControllerName------->authmain
Bee_ActionName------->Login
 

2013-10-31 12:07:49:6473 [17] Debug Bee.Web.MvcDispatcher.ProcessRequest(HttpContext context) 

       Key------->Value
Bee_ControllerName------->AuthMain
Bee_ActionName------->Login
  username------->admin
  password------->s12
 

2013-10-31 12:07:50:5103 [17] Debug Bee.Web.MvcDispatcher.ProcessRequest(HttpContext context) 

       Key------->Value
Bee_ControllerName------->AuthMain
Bee_ActionName------->Login
  username------->
  password------->
 

2013-10-31 12:07:52:5664 [15] Debug Bee.Web.MvcDispatcher.ProcessRequest(HttpContext context) 

       Key------->Value
Bee_ControllerName------->AuthMain
Bee_ActionName------->Login
  username------->admin
  password------->admin
 

2013-10-31 12:07:52:6294 [15] Debug Bee.Web.MvcDispatcher.ProcessRequest(HttpContext context) 

       Key------->Value
Bee_ControllerName------->authmain
Bee_ActionName------->Index
 

2013-10-31 12:07:54:7166 [15] Debug Bee.Web.MvcDispatcher.ProcessRequest(HttpContext context) 

       Key------->Value
Bee_ControllerName------->WeiXinUser
Bee_ActionName------->Index
         _------->1383192474694
 

2013-10-31 12:07:56:5747 [17] Debug Bee.Web.MvcDispatcher.ProcessRequest(HttpContext context) 

       Key------->Value
Bee_ControllerName------->WeiXinUser
Bee_ActionName------->SynchronizeAll
 

2013-10-31 12:07:58:2658 [17] Debug Bee.Web.MvcDispatcher.ProcessRequest(HttpContext context) 

       Key------->Value
Bee_ControllerName------->WeiXinUser
Bee_ActionName------->Index
   pagenum------->1
  pagesize------->20
orderfield------->Id
orderdirection------->desc
recordcount------->0
  nickname------->
remarkname------->
   groupid------->
  linkflag------->
 validflag------->
createtimebegin------->
createtimeend------->
         _------->1383192478243
 

2013-10-31 12:08:00:3679 [17] Debug Bee.Web.MvcDispatcher.ProcessRequest(HttpContext context) 

       Key------->Value
Bee_ControllerName------->WeiXinUser
Bee_ActionName------->SendMessage
    openid------->75737880
         _------->1383192480305
 

2013-10-31 12:08:02:9640 [17] Debug Bee.Web.MvcDispatcher.ProcessRequest(HttpContext context) 

       Key------->Value
Bee_ControllerName------->WeiXinUser
Bee_ActionName------->SendMessage
    openid------->75737880
   content------->test
 

2013-10-31 12:08:03:4831 [17] Debug Bee.Web.MvcDispatcher.ProcessRequest(HttpContext context) 

       Key------->Value
Bee_ControllerName------->WeiXinUser
Bee_ActionName------->Index
   pagenum------->1
  pagesize------->20
orderfield------->Id
orderdirection------->desc
recordcount------->0
  nickname------->
remarkname------->
   groupid------->
  linkflag------->
 validflag------->
createtimebegin------->
createtimeend------->
         _------->1383192483417
 

